Determining if the pthread_create exist failed with the following output:
Change Dir: /home/zy/Test/http4/CMakeFiles/CMakeTmp

Run Build Command:"/usr/bin/gmake" "cmTC_42de9/fast"
/usr/bin/gmake -f CMakeFiles/cmTC_42de9.dir/build.make CMakeFiles/cmTC_42de9.dir/build
gmake[1]: Entering directory `/home/zy/Test/http4/CMakeFiles/CMakeTmp'
Building C object CMakeFiles/cmTC_42de9.dir/CheckSymbolExists.c.o
/usr/bin/cc    -o CMakeFiles/cmTC_42de9.dir/CheckSymbolExists.c.o   -c /home/zy/Test/http4/CMakeFiles/CMakeTmp/CheckSymbolExists.c
Linking C executable cmTC_42de9
/usr/local/bin/cmake -E cmake_link_script CMakeFiles/cmTC_42de9.dir/link.txt --verbose=1
/usr/bin/cc      CMakeFiles/cmTC_42de9.dir/CheckSymbolExists.c.o  -o cmTC_42de9 
CMakeFiles/cmTC_42de9.dir/CheckSymbolExists.c.o: In function `main':
CheckSymbolExists.c:(.text+0x16): undefined reference to `pthread_create'
collect2: error: ld returned 1 exit status
gmake[1]: *** [cmTC_42de9] Error 1
gmake[1]: Leaving directory `/home/zy/Test/http4/CMakeFiles/CMakeTmp'
gmake: *** [cmTC_42de9/fast] Error 2

File /home/zy/Test/http4/CMakeFiles/CMakeTmp/CheckSymbolExists.c:
/* */
#include <pthread.h>

int main(int argc, char** argv)
{
  (void)argv;
#ifndef pthread_create
  return ((int*)(&pthread_create))[argc];
#else
  (void)argc;
  return 0;
#endif
}

Determining if the function pthread_create exists in the pthreads failed with the following output:
Change Dir: /home/zy/Test/http4/CMakeFiles/CMakeTmp

Run Build Command:"/usr/bin/gmake" "cmTC_6324e/fast"
/usr/bin/gmake -f CMakeFiles/cmTC_6324e.dir/build.make CMakeFiles/cmTC_6324e.dir/build
gmake[1]: Entering directory `/home/zy/Test/http4/CMakeFiles/CMakeTmp'
Building C object CMakeFiles/cmTC_6324e.dir/CheckFunctionExists.c.o
/usr/bin/cc   -DCHECK_FUNCTION_EXISTS=pthread_create   -o CMakeFiles/cmTC_6324e.dir/CheckFunctionExists.c.o   -c /usr/local/share/cmake-3.8/Modules/CheckFunctionExists.c
Linking C executable cmTC_6324e
/usr/local/bin/cmake -E cmake_link_script CMakeFiles/cmTC_6324e.dir/link.txt --verbose=1
/usr/bin/cc  -DCHECK_FUNCTION_EXISTS=pthread_create    CMakeFiles/cmTC_6324e.dir/CheckFunctionExists.c.o  -o cmTC_6324e -lpthreads 
/usr/bin/ld: cannot find -lpthreads
collect2: error: ld returned 1 exit status
gmake[1]: *** [cmTC_6324e] Error 1
gmake[1]: Leaving directory `/home/zy/Test/http4/CMakeFiles/CMakeTmp'
gmake: *** [cmTC_6324e/fast] Error 2


